f:\1\consoleapplication1\debug\vc142.pdb
f:\1\consoleapplication1\debug\vc142.idb
f:\1\consoleapplication1\debug\section.obj
f:\1\consoleapplication1\debug\node.obj
f:\1\consoleapplication1\debug\mathfem.obj
f:\1\consoleapplication1\debug\material.obj
f:\1\consoleapplication1\debug\main.obj
f:\1\consoleapplication1\debug\linearstatic.obj
f:\1\consoleapplication1\debug\intarray.obj
f:\1\consoleapplication1\debug\infoout.obj
f:\1\consoleapplication1\debug\element.obj
f:\1\consoleapplication1\debug\doublematrix.obj
f:\1\consoleapplication1\debug\doublearray.obj
f:\1\consoleapplication1\debug\domain.obj
f:\1\consoleapplication1\debug\basicobj.obj
f:\1\consoleapplication1\debug\consoleapplication1.ilk
f:\1\debug\consoleapplication1.exe
f:\1\debug\consoleapplication1.pdb
f:\1\consoleapplication1\debug\consolea.3d035e6e.tlog\cl.command.1.tlog
f:\1\consoleapplication1\debug\consolea.3d035e6e.tlog\cl.read.1.tlog
f:\1\consoleapplication1\debug\consolea.3d035e6e.tlog\cl.write.1.tlog
f:\1\consoleapplication1\debug\consolea.3d035e6e.tlog\link.command.1.tlog
f:\1\consoleapplication1\debug\consolea.3d035e6e.tlog\link.read.1.tlog
f:\1\consoleapplication1\debug\consolea.3d035e6e.tlog\link.write.1.tlog
