  main.cpp
c:\users\llc\desktop\fem code\project7\project7\eigen-3.4.0\eigen\src\core\arch\default\half.h : warning C4819: 该文件包含不能在当前代码页(936)中表示的字符。请将该文件保存为 Unicode 格式以防止数据丢失
c:\users\llc\desktop\fem code\project7\project7\eigen-3.4.0\eigen\src\core\arch\default\bfloat16.h : warning C4819: 该文件包含不能在当前代码页(936)中表示的字符。请将该文件保存为 Unicode 格式以防止数据丢失
c:\users\llc\desktop\fem code\project7\project7\eigen-3.4.0\eigen\src\core\arch\default\genericpacketmathfunctions.h(675): warning C4819: 该文件包含不能在当前代码页(936)中表示的字符。请将该文件保存为 Unicode 格式以防止数据丢失
c:\users\llc\desktop\fem code\project7\project7\main.cpp(18): warning C4305: “参数”: 从“double”到“const float”截断
c:\users\llc\desktop\fem code\project7\project7\main.cpp(19): warning C4305: “参数”: 从“double”到“const float”截断
c:\users\llc\desktop\fem code\project7\project7\main.cpp(20): warning C4305: “参数”: 从“double”到“const float”截断
c:\users\llc\desktop\fem code\project7\project7\main.cpp(21): warning C4305: “参数”: 从“double”到“const float”截断
c:\users\llc\desktop\fem code\project7\project7\main.cpp(22): warning C4305: “参数”: 从“double”到“const float”截断
c:\users\llc\desktop\fem code\project7\project7\main.cpp(23): warning C4305: “参数”: 从“double”到“const float”截断
c:\users\llc\desktop\fem code\project7\project7\main.cpp(24): warning C4305: “参数”: 从“double”到“const float”截断
c:\users\llc\desktop\fem code\project7\project7\main.cpp(25): warning C4305: “参数”: 从“double”到“const float”截断
c:\users\llc\desktop\fem code\project7\project7\main.cpp(26): warning C4305: “参数”: 从“double”到“const float”截断
c:\users\llc\desktop\fem code\project7\project7\main.cpp(27): warning C4305: “参数”: 从“double”到“const float”截断
c:\users\llc\desktop\fem code\project7\project7\main.cpp(28): warning C4305: “参数”: 从“double”到“const float”截断
c:\users\llc\desktop\fem code\project7\project7\main.cpp(29): warning C4305: “参数”: 从“double”到“const float”截断
c:\users\llc\desktop\fem code\project7\project7\main.cpp(30): warning C4305: “参数”: 从“double”到“const float”截断
c:\users\llc\desktop\fem code\project7\project7\main.cpp(31): warning C4305: “参数”: 从“double”到“const float”截断
c:\users\llc\desktop\fem code\project7\project7\main.cpp(50): warning C4305: “参数”: 从“double”到“float”截断
  Calculate.cpp
c:\users\llc\desktop\fem code\project7\project7\eigen-3.4.0\eigen\src\core\arch\default\half.h : warning C4819: 该文件包含不能在当前代码页(936)中表示的字符。请将该文件保存为 Unicode 格式以防止数据丢失
c:\users\llc\desktop\fem code\project7\project7\eigen-3.4.0\eigen\src\core\arch\default\bfloat16.h : warning C4819: 该文件包含不能在当前代码页(936)中表示的字符。请将该文件保存为 Unicode 格式以防止数据丢失
c:\users\llc\desktop\fem code\project7\project7\eigen-3.4.0\eigen\src\core\arch\default\genericpacketmathfunctions.h(675): warning C4819: 该文件包含不能在当前代码页(936)中表示的字符。请将该文件保存为 Unicode 格式以防止数据丢失
c:\users\llc\desktop\fem code\project7\project7\calculate.cpp(9): warning C4244: “=”: 从“Eigen::Index”转换到“int”，可能丢失数据
c:\users\llc\desktop\fem code\project7\project7\calculate.cpp(10): warning C4244: “=”: 从“Eigen::Index”转换到“int”，可能丢失数据
c:\users\llc\desktop\fem code\project7\project7\calculate.cpp(11): warning C4244: “=”: 从“Eigen::Index”转换到“int”，可能丢失数据
c:\users\llc\desktop\fem code\project7\project7\calculate.cpp(33): warning C4244: “参数”: 从“float”转换到“Eigen::Index”，可能丢失数据
c:\users\llc\desktop\fem code\project7\project7\calculate.cpp(34): warning C4244: “参数”: 从“float”转换到“Eigen::Index”，可能丢失数据
c:\users\llc\desktop\fem code\project7\project7\calculate.cpp(35): warning C4244: “参数”: 从“float”转换到“Eigen::Index”，可能丢失数据
c:\users\llc\desktop\fem code\project7\project7\calculate.cpp(79): warning C4244: “参数”: 从“float”转换到“_Ty”，可能丢失数据
          with
          [
              _Ty=int
          ]
c:\users\llc\desktop\fem code\project7\project7\calculate.cpp(80): warning C4244: “参数”: 从“float”转换到“_Ty”，可能丢失数据
          with
          [
              _Ty=int
          ]
c:\users\llc\desktop\fem code\project7\project7\calculate.cpp(81): warning C4244: “参数”: 从“float”转换到“_Ty”，可能丢失数据
          with
          [
              _Ty=int
          ]
c:\users\llc\desktop\fem code\project7\project7\calculate.cpp(82): warning C4244: “参数”: 从“float”转换到“_Ty”，可能丢失数据
          with
          [
              _Ty=int
          ]
c:\users\llc\desktop\fem code\project7\project7\calculate.cpp(83): warning C4244: “参数”: 从“float”转换到“_Ty”，可能丢失数据
          with
          [
              _Ty=int
          ]
c:\users\llc\desktop\fem code\project7\project7\calculate.cpp(84): warning C4244: “参数”: 从“float”转换到“_Ty”，可能丢失数据
          with
          [
              _Ty=int
          ]
  正在生成代码...
  Project7.vcxproj -> C:\Users\LLC\Desktop\FEM Code\Project7\x64\Debug\Project7.exe
