Analysis initiated from SIMULIA established products
Abaqus JOB Job-1
Abaqus 2022
Abaqus License Manager checked out the following licenses:
Abaqus/Standard checked out 5 tokens from Flexnet server localhost.
<9994 out of 9999 licenses remain available>.
Begin Analysis Input File Processor
2024/2/18 22:55:46
Run pre.exe
2024/2/18 22:56:03
End Analysis Input File Processor
Begin Abaqus/Standard Analysis
2024/2/18 22:56:03
Run standard.exe
2024/2/18 22:56:18
End Abaqus/Standard Analysis
Begin SIM Wrap-up
2024/2/18 22:56:19
Run SMASimUtility.exe
2024/2/18 22:56:20
End SIM Wrap-up
Abaqus JOB Job-1 COMPLETED
