
   列表节 ID 将 1 设置为 2 乘 1
                     
   部分 ID 编号:         1
   梁截面子类型：矩形     
   梁截面名称为：             
   梁截面数据汇总：
    Area                 = 0.16000    
    Iyy                  = 0.21333E-02
    Iyz                  =-0.54210E-19
    Izz                  = 0.21333E-02
    翘曲常数     = 0.39448E-06
    扭转常数     = 0.36513E-02
    质心 Y          =-0.64375E-17
    质心 Z         = 0.13553E-17
    剪切中心 Y       =-0.10522E-16
    剪切中心 Z       = 0.19505E-16
    剪切校正-yy  = 0.84211    
    剪切校正-yz  =-0.13313E-16
    剪切校正-zz  = 0.84211    
                 
    梁截面偏移到横截面的质心
                     
   部分 ID 编号:         2
   梁截面子类型:  矩形       
   梁截面名称为：:             
   梁截面数据汇总:
    Area                 = 0.40000E-01
    Iyy                  = 0.13333E-03
    Iyz                  =-0.33881E-20
    Izz                  = 0.13333E-03
    翘曲常数     = 0.61637E-08
    扭转常数     = 0.22821E-03
    质心 Y         =-0.32187E-17
    质心 Z          = 0.67763E-18
    剪切中心 Y      =-0.52609E-17
    剪切中心 Z       = 0.97525E-17
    剪切校正-yy  = 0.84211    
    剪切校正-yz  =-0.13313E-16
    剪切校正-zz  = 0.84211    
                 
    梁截面偏移到横截面的质心

