********************************************************************************
Field Output Report, written Fri Jan 29 02:25:37 2021

Source 1
---------

   ODB: D:/temp/Job-1.odb
   Step: Step-1
   Frame: Increment      1: Step Time =    1.000

Loc 1 : 来自源 1 的结点值

Output sorted by column "结点编号".

Field Output reported 在结点处 for part: PART-1-1

            结点            U.U1            U.U2
            标签          @Loc 1          @Loc 1
-------------------------------------------------
               1         82.2550        -526.982
               2         75.1760        -494.900
               3         77.1416        -489.143
               4         74.8251        -465.491
               5         75.5501        -456.952
               6         74.3572        -435.974
               7         74.4605        -425.895
               8         73.6887        -406.479
               9         73.4057        -395.449
              10         72.7815        -377.154
              11         72.2282        -365.533
              12         71.6212        -348.142
              13         70.8628        -336.179
              14         70.2051        -319.575
              15         69.2810        -307.457
              16         68.5356        -291.576
              17         67.4701        -279.448
              18         66.6165        -264.258
              19         65.4247        -252.240
              20         64.4512        -237.728
              21         63.1418        -225.923
              22         62.0420        -212.090
              23         60.6201        -200.587
              24         59.3905        -187.446
              25         57.8586        -176.325
              26         56.4978        -163.895
              27         54.8568        -153.230
              28         53.3644        -141.537
              29         51.6143        -131.395
              30         49.9907        -120.469
              31         48.1307        -110.916
              32         46.3770        -100.790
              33         44.4059        -91.8859
              34         42.5234        -82.5966
              35         40.4396        -74.4007
              36         38.4302        -65.9873
              37         36.2316        -58.5553
              38         34.0977        -51.0589
              39         31.7814        -44.4451
              40         29.5262        -37.9087
              41         27.0885        -32.1654
              42         24.7168        -26.6345
              43         22.1523        -21.8120
              44         19.6728        -17.3351
              45         16.9748        -13.4798
              46         14.4077        -10.1086
              47         11.5705        -7.24975
              48         8.97035        -5.02606
              49         5.98154        -3.09646
              50         3.49792        -1.96612
              51     910.826E-39    -197.713E-39
              52         65.7735        -516.457
              53         70.1602        -503.399
              54         67.3634        -481.744
              55         68.3127        -471.760
              56         67.1625        -451.364
              57         67.2639        -440.794
              58         66.6644        -421.507
              59         66.3516        -410.277
              60         65.9421        -391.915
              61         65.3727        -380.191
              62         64.9953        -362.634
              63         64.2445        -350.593
              64         63.8214        -333.766
              65         62.9303        -321.564
              66         62.4210        -305.424
              67         61.4132        -293.193
              68         60.7966        -277.717
              69         59.6859        -265.571
              70         58.9509        -250.751
              71         57.7448        -238.789
              72         56.8861        -224.630
              73         55.5884        -212.939
              74         54.6036        -199.455
              75         53.2157        -188.115
              76         52.1045        -175.325
              77         50.6261        -164.410
              78         49.3891        -152.338
              79         47.8195        -141.918
              80         46.4579        -130.595
              81         44.7954        -120.733
              82         43.3111        -110.191
              83         41.5539        -100.949
              84         39.9487        -91.2258
              85         38.0947        -82.6625
              86         36.3711        -73.7956
              87         34.4177        -65.9677
              88         32.5783        -57.9980
              89         30.5226        -50.9601
              90         28.5707        -43.9303
              91         26.4089        -37.7350
              92         24.3489        -31.6900
              93         22.0760        -26.3878
              94         19.9148        -21.3756
              95         17.5237        -17.0143
              96         15.2741        -13.0867
              97         12.7553        -9.70730
              98         10.4449        -6.91495
              99         7.78134        -4.52543
             100         5.46028        -2.86314
             101         2.56149        -1.29519
             102     1.42555E-36    -217.435E-39
             103         62.2269        -519.090
             104         58.5434        -499.617
             105         61.3433        -485.854
             106         59.4783        -467.602
             107         60.1636        -455.259
             108         59.3802        -437.054
             109         59.2854        -424.887
             110         58.9102        -407.050
             111         58.4377        -394.773
             112         58.1907        -377.434
             113         57.4993        -365.028
             114         57.2523        -348.237
             115         56.4155        -335.762
             116         56.1055        -319.544
             117         55.1607        -307.083
             118         54.7565        -291.453
             119         53.7232        -279.090
             120         53.2090        -264.063
             121         52.0976        -251.882
             122         51.4661        -237.474
             123         50.2811        -225.554
             124         49.5294        -211.786
             125         48.2723        -200.200
             126         47.4002        -187.097
             127         46.0706        -175.916
             128         45.0791        -163.505
             129         43.6756        -152.795
             130         42.5665        -141.109
             131         41.0871        -130.932
             132         39.8625        -120.004
             133         38.3048        -110.423
             134         36.9673        -100.290
             135         35.3288        -91.3629
             136         33.8810        -82.0634
             137         32.1588        -73.8462
             138         30.6037        -65.4209
             139         28.7947        -57.9688
             140         27.1357        -50.4599
             141         25.2363        -43.8259
             142         23.4774        -37.2774
             143         21.4830        -31.5135
             144         19.6295        -25.9710
             145         17.5344        -21.1279
             146         15.5937        -16.6383
             147         13.3909        -12.7671
             148         11.3736        -9.37375
             149         9.05599        -6.52356
             150         6.96592        -4.23027
             151         4.53619        -2.42673
             152         2.23099    -950.094E-03
             153     1.11018E-36    -129.588E-39
             154         51.0445        -515.821
             155         53.4761        -501.735
             156         51.3704        -483.735
             157         53.0902        -469.888
             158         51.7570        -452.828
             159         52.2588        -439.451
             160         51.6271        -422.450
             161         51.4801        -409.324
             162         51.1742        -392.495
             163         50.6744        -379.485
             164         50.4815        -362.965
             165         49.7745        -350.039
             166         49.5837        -333.923
             167         48.7436        -321.100
             168         48.4970        -305.454
             169         47.5629        -292.780
             170         47.2306        -277.652
             171         46.2229        -265.185
             172         45.7898        -250.611
             173         44.7185        -238.413
             174         44.1777        -224.428
             175         43.0474        -212.562
             176         42.3962        -199.200
             177         41.2080        -187.729
             178         40.4464        -175.024
             179         39.1997        -164.010
             180         38.3290        -151.997
             181         37.0219        -141.499
             182         36.0443        -130.216
             183         34.6745        -120.292
             184         33.5924        -109.777
             185         32.1573        -100.486
             186         30.9736        -90.7774
             187         29.4702        -82.1746
             188         28.1879        -73.3144
             189         26.6132        -65.4545
             190         25.2353        -57.4848
             191         23.5860        -50.4210
             192         22.1162        -43.3852
             193         20.3885        -37.1702
             194         18.8307        -31.1122
             195         17.0206        -25.7987
             196         15.3787        -20.7625
             197         13.4823        -16.4048
             198         11.7583        -12.4316
             199         9.77429        -9.08735
             200         7.95885        -6.20177
             201         5.89859        -3.92008
             202         3.93039        -2.07414
             203         1.85774    -726.477E-03
             204     982.444E-39    -51.7286E-39
             205         45.9128        -516.829
             206         43.6171        -499.958
             207         45.4287        -485.262
             208         44.0360        -468.453
             209         45.1043        -454.295
             210         44.1497        -437.897
             211         44.4736        -423.991
             212         43.9557        -407.701
             213         43.7841        -394.027
             214         43.5099        -377.885
             215         43.0322        -364.414
             216         42.8565        -348.521
             217         42.1878        -335.247
             218         42.0219        -319.695
             219         41.2291        -306.635
             220         41.0217        -291.498
             221         40.1429        -278.685
             222         39.8652        -264.023
             223         38.9213        -251.503
             224         38.5579        -237.366
             225         37.5599        -225.187
             226         37.1031        -211.620
             227         36.0563        -199.835
             228         35.5027        -186.882
             229         34.4087        -175.547
             230         33.7579        -163.247
             231         32.6165        -152.416
             232         31.8693        -140.811
             233         30.6791        -130.540
             234         29.8375        -119.671
             235         28.5961        -110.015
             236         27.6625        -99.9238
             237         26.3675        -90.9370
             238         25.3445        -81.6651
             239         23.9932        -73.4011
             240         22.8836        -64.9918
             241         21.4730        -57.5037
             242         20.2798        -50.0003
             243         18.8070        -43.3408
             244         17.5331        -36.7870
             245         15.9953        -31.0091
             246         14.6429        -25.4482
             247         13.0382        -20.6058
             248         11.6067        -16.0796
             249         9.93495        -12.2288
             250         8.41520        -8.77474
             251         6.68055        -5.96668
             252         5.04696        -3.60677
             253         3.25687        -1.82754
             254         1.58602    -548.395E-03
             255     810.750E-39    -44.1111E-39
             256         36.3070        -515.278
             257         37.8240        -500.745
             258         36.3184        -484.248
             259         37.6295        -469.461
             260         36.6129        -453.316
             261         37.3087        -438.884
             262         36.6043        -422.945
             263         36.7918        -408.729
             264         36.3708        -392.915
             265         36.1860        -378.930
             266         35.9423        -363.281
             267         35.5050        -349.542
             268         35.3436        -334.135
             269         34.7390        -320.657
             270         34.5930        -305.572
             271         33.8762        -292.380
             272         33.7028        -277.689
             273         32.9079        -264.814
             274         32.6809        -250.581
             275         31.8281        -238.062
             276         31.5322        -224.340
             277         30.6329        -212.221
             278         30.2598        -199.062
             279         29.3198        -187.392
             280         28.8655        -174.843
             281         27.8874        -163.670
             282         27.3505        -151.777
             283         26.3346        -141.153
             284         25.7156        -129.960
             285         24.6610        -119.937
             286         23.9612        -109.489
             287         22.8661        -100.118
             288         22.0874        -90.4588
             289         20.9499        -81.7933
             290         20.0945        -72.9668
             291         18.9122        -65.0584
             292         17.9825        -57.1089
             293         16.7532        -50.0097
             294         15.7512        -42.9813
             295         14.4729        -36.7436
             296         13.4001        -30.6801
             297         12.0718        -25.3566
             298         10.9275        -20.3012
             299         9.54913        -15.9455
             300         8.32726        -11.9403
             301         6.89890        -8.60358
             302         5.58557        -5.68796
             303         4.10522        -3.40455
             304         2.71057        -1.59584
             305         1.28618    -438.484E-03
             306     684.712E-39     9.69319E-39
             307         30.3791        -515.657
             308         28.8568        -499.819
             309         30.0553        -484.861
             310         29.0187        -468.822
             311         29.9434        -453.979
             312         29.1794        -438.221
             313         29.6478        -423.614
             314         29.1142        -408.010
             315         29.2126        -393.614
             316         28.8752        -378.155
             317         28.6916        -364.002
             318         28.4856        -348.732
             319         28.0998        -334.855
             320         27.9621        -319.842
             321         27.4357        -306.269
             322         27.3173        -291.581
             323         26.6937        -278.343
             324         26.5601        -264.049
             325         25.8681        -251.179
             326         25.6965        -237.339
             327         24.9543        -224.876
             328         24.7306        -211.548
             329         23.9493        -199.532
             330         23.6649        -186.768
             331         22.8506        -175.246
             332         22.5011        -163.096
             333         21.6570        -152.115
             334         21.2403        -140.627
             335         20.3675        -130.235
             336         19.8833        -119.457
             337         18.9815        -109.703
             338         18.4305        -99.6809
             339         17.4987        -90.6161
             340         16.8822        -81.3954
             341         15.9188        -73.0702
             342         15.2385        -64.6965
             343         14.2420        -57.1619
             344         13.4992        -49.6802
             345         12.4684        -42.9874
             346         11.6640        -36.4426
             347         10.5982        -30.6433
             348         9.73205        -25.0798
             349         8.63115        -20.2255
             350         7.69991        -15.6872
             351         6.56335        -11.8284
             352         5.55831        -8.35869
             353         4.38284        -5.54204
             354         3.29691        -3.18032
             355         2.11601        -1.46135
             356         1.03477    -335.973E-03
             357     532.255E-39     366.186E-42
             358         21.5779        -514.837
             359         22.5816        -500.104
             360         21.5075        -484.331
             361         22.4482        -469.258
             362         21.6902        -453.561
             363         22.3480        -438.662
             364         21.7707        -423.166
             365         22.0950        -408.462
             366         21.6893        -393.117
             367         21.7382        -378.632
             368         21.4772        -363.457
             369         21.3117        -349.233
             370         21.1526        -334.275
             371         20.8282        -320.352
             372         20.7280        -305.672
             373         20.2897        -292.085
             374         20.2121        -277.747
             375         19.6932        -264.532
             376         19.6111        -250.597
             377         19.0352        -237.790
             378         18.9294        -224.318
             379         18.3122        -211.958
             380         18.1698        -199.005
             381         17.5217        -187.134
             382         17.3346        -174.753
             383         16.6617        -163.414
             384         16.4253        -151.657
             385         15.7311        -140.897
             386         15.4428        -129.813
             387         14.7289        -119.678
             388         14.3878        -109.316
             389         13.6546        -99.8552
             390         13.2607        -90.2625
             391         12.5079        -81.5246
             392         12.0618        -72.7481
             393         11.2886        -64.7828
             394         10.7911        -56.8687
             395         9.99683        -49.7262
             396         9.44846        -42.7205
             397         8.63273        -36.4512
             398         8.03344        -30.3994
             399         7.19630        -25.0538
             400         6.54445        -20.0011
             401         5.68575        -15.6287
             402         4.97640        -11.6194
             403         4.09385        -8.26822
             404         3.31843        -5.34748
             405         2.41769        -3.07104
             406         1.60125        -1.32162
             407     757.603E-03    -282.711E-03
             408     408.311E-39     39.3617E-39
             409         15.1856        -514.946
             410         14.1402        -499.603
             411         14.9645        -484.557
             412         14.1985        -468.953
             413         14.9255        -453.853
             414         14.3558        -438.391
             415         14.8389        -423.458
             416         14.4063        -408.162
             417         14.6432        -393.422
             418         14.3435        -378.291
             419         14.3749        -363.784
             420         14.1888        -348.851
             421         14.0584        -334.624
             422         13.9566        -319.938
             423         13.7042        -306.035
             424         13.6561        -291.652
             425         13.3146        -278.113
             426         13.2931        -264.092
             427         12.8882        -250.955
             428         12.8719        -237.354
             429         12.4225        -224.658
             430         12.3954        -211.535
             431         11.9149        -199.320
             432         11.8659        -186.729
             433         11.3635        -175.038
             434         11.2849        -163.033
             435         10.7666        -151.909
             436         10.6538        -140.541
             437         10.1233        -130.029
             438         9.97333        -119.349
             439         9.43267        -109.496
             440         9.24418        -99.5528
             441         8.69432        -90.4072
             442         8.46671        -81.2485
             443         7.90793        -72.8581
             444         7.64111        -64.5317
             445         7.07340        -56.9455
             446         6.76743        -49.4984
             447         6.19077        -42.7659
             448         5.84552        -36.2447
             449         5.26009        -30.4154
             450         4.87476        -24.8663
             451         4.28083        -19.9892
             452         3.85300        -15.4576
             453         3.24984        -11.5801
             454         2.77398        -8.11110
             455         2.16052        -5.28289
             456         1.63768        -2.93899
             457         1.03900        -1.26291
             458     514.836E-03    -227.971E-03
             459     261.968E-39     24.0454E-39
             460         6.85202        -514.503
             461         7.54895        -499.673
             462         6.77607        -484.278
             463         7.46128        -469.118
             464         6.90125        -453.680
             465         7.46813        -438.581
             466         7.04224        -423.289
             467         7.41614        -408.354
             468         7.10303        -393.226
             469         7.29506        -378.494
             470         7.09146        -363.554
             471         7.13199        -349.074
             472         7.02406        -334.361
             473         6.94495        -320.182
             474         6.91174        -305.745
             475         6.74196        -291.912
             476         6.76085        -277.805
             477         6.52489        -264.360
             478         6.57527        -250.638
             479         6.29284        -237.622
             480         6.35765        -224.340
             481         6.04397        -211.794
             482         6.11003        -199.008
             483         5.77640        -186.974
             484         5.83403        -174.737
             485         5.48857        -163.258
             486         5.53093        -151.624
             487         5.17927        -140.743
             488         5.20169        -129.763
             489         4.84760        -119.526
             490         4.84707        -109.251
             491         4.49293        -99.7044
             492         4.46757        -90.1823
             493         4.11482        -81.3737
             494         4.06354        -72.6538
             495         3.71301        -64.6311
             496         3.63518        -56.7613
             497         3.28737        -49.5728
             498         3.18254        -42.6006
             499         2.83789        -36.2954
             500         2.70549        -30.2678
             501         2.36448        -24.8943
             502         2.20342        -19.8577
             503         1.86634        -15.4635
             504         1.67417        -11.4631
             505         1.34058        -8.09471
             506         1.11410        -5.18148
             507     788.431E-03        -2.90822
             508     537.340E-03        -1.19682
             509     246.762E-03    -212.303E-03
             510     138.754E-39     50.8330E-39
             511     167.581E-03        -514.500
             512    -569.881E-03        -499.405
             513     23.4542E-03        -484.333
             514    -541.400E-03        -468.978
             515     30.6393E-03        -453.791
             516    -380.799E-03        -438.491
             517     77.4702E-03        -423.408
             518    -228.463E-03        -408.258
             519     84.2627E-03        -393.349
             520    -122.372E-03        -378.375
             521     58.6540E-03        -363.689
             522    -51.1676E-03        -348.928
             523     21.3655E-03        -334.515
             524    -2.08012E-03        -320.010
             525    -14.5856E-03        -305.918
             526     32.5661E-03        -291.718
             527    -43.6573E-03        -277.994
             528     56.8532E-03        -264.149
             529    -64.6522E-03        -250.837
             530     73.1435E-03        -237.402
             531    -78.3185E-03        -224.544
             532     83.1044E-03        -211.572
             533    -86.0210E-03        -199.210
             534     88.1018E-03        -186.754
             535    -89.1430E-03        -174.932
             536     89.3012E-03        -163.046
             537    -88.8712E-03        -151.807
             538     87.6776E-03        -140.543
             539    -86.1513E-03        -129.931
             540     84.0160E-03        -119.340
             541    -81.7065E-03        -109.402
             542     78.9232E-03        -99.5338
             543    -76.0726E-03        -90.3157
             544     72.8496E-03        -81.2197
             545    -69.6330E-03        -72.7688
             546     66.1127E-03        -64.4938
             547    -62.6474E-03        -56.8578
             548     58.9186E-03        -49.4520
             549    -55.2721E-03        -42.6792
             550     51.3776E-03        -36.1903
             551    -47.5725E-03        -30.3291
             552     43.5119E-03        -24.8043
             553    -39.5268E-03        -19.9024
             554     35.2573E-03        -15.3877
             555    -31.0215E-03        -11.4912
             556     26.4568E-03        -8.03284
             557    -21.8391E-03        -5.19335
             558     16.8475E-03        -2.86341
             559    -11.6491E-03        -1.19848
             560     6.02987E-03    -195.292E-03
             561    -4.80402E-39     33.0691E-39
             562        -7.88646        -514.271
             563        -7.37513        -499.385
             564        -7.93973        -484.195
             565        -7.41865        -469.017
             566        -7.82807        -453.736
             567        -7.34033        -438.558
             568        -7.63249        -423.375
             569        -7.23908        -408.328
             570        -7.43725        -393.306
             571        -7.14822        -378.451
             572        -7.25287        -363.627
             573        -7.05492        -349.017
             574        -7.06827        -334.432
             575        -6.94374        -320.117
             576        -6.87430        -305.816
             577        -6.80588        -291.843
             578        -6.66611        -277.874
             579        -6.63790        -264.291
             580        -6.44136        -250.705
             581        -6.43925        -237.556
             582        -6.19871        -224.404
             583        -6.21057        -211.732
             584        -5.93714        -199.067
             585        -5.95288        -186.917
             586        -5.65572        -174.791
             587        -5.66720        -163.207
             588        -5.35361        -151.672
             589        -5.35441        -140.698
             590        -5.03006        -129.806
             591        -5.01525        -119.487
             592        -4.68446        -109.288
             593        -4.65029        -99.6702
             594        -4.31629        -90.2139
             595        -4.25998        -81.3445
             596        -3.92516        -72.6806
             597        -3.84469        -64.6065
             598        -3.51076        -56.7836
             599        -3.40468        -49.5526
             600        -3.07284        -42.6189
             601        -2.94015        -36.2790
             602        -2.61116        -30.2823
             603        -2.45107        -24.8816
             604        -2.12511        -19.8688
             605        -1.93649        -15.4540
             606        -1.61279        -11.4710
             607        -1.39321        -8.08831
             608        -1.07092        -5.18648
             609    -821.926E-03        -2.90459
             610    -514.309E-03        -1.19918
             611    -258.732E-03    -211.169E-03
             612    -129.244E-39     48.4238E-39
             613        -14.7643        -514.228
             614        -15.3003        -499.256
             615        -14.8474        -484.174
             616        -15.2657        -468.968
             617        -14.7965        -453.757
             618        -15.0836        -438.557
             619        -14.6497        -423.410
             620        -14.8362        -408.335
             621        -14.4712        -393.344
             622        -14.5658        -378.449
             623        -14.2697        -363.674
             624        -14.2711        -349.001
             625        -14.0326        -334.492
             626        -13.9435        -320.085
             627        -13.7492        -305.893
             628        -13.5772        -291.797
             629        -13.4144        -277.970
             630        -13.1695        -264.233
             631        -13.0260        -250.817
             632        -12.7192        -237.488
             633        -12.5841        -224.528
             634        -12.2258        -211.660
             635        -12.0892        -199.201
             636        -11.6886        -186.843
             637        -11.5419        -174.930
             638        -11.1069        -163.135
             639        -10.9432        -151.812
             640        -10.4801        -140.631
             641        -10.2935        -129.945
             642        -9.80765        -119.428
             643        -9.59352        -109.423
             644        -9.08905        -99.6208
             645        -8.84366        -90.3444
             646        -8.32387        -81.3064
             647        -8.04433        -72.8049
             648        -7.51176        -64.5803
             649        -7.19586        -56.9012
             650        -6.65239        -49.5386
             651        -6.29859        -42.7297
             652        -5.74541        -36.2771
             653        -5.35269        -30.3867
             654        -4.79017        -24.8916
             655        -4.35759        -19.9673
             656        -3.78463        -15.4763
             657        -3.30993        -11.5645
             658        -2.72280        -8.12379
             659        -2.20272        -5.27305
             660        -1.60517        -2.94620
             661        -1.06146        -1.25828
             662    -503.225E-03    -230.236E-03
             663    -271.211E-39     28.7911E-39
             664        -22.6580        -514.134
             665        -22.2559        -499.200
             666        -22.6789        -484.124
             667        -22.2565        -468.947
             668        -22.5528        -453.768
             669        -22.1165        -438.563
             670        -22.2983        -423.447
             671        -21.8889        -408.348
             672        -21.9737        -393.383
             673        -21.6063        -378.468
             674        -21.5956        -363.705
             675        -21.2665        -349.030
             676        -21.1598        -334.514
             677        -20.8601        -320.129
             678        -20.6607        -305.905
             679        -20.3807        -291.859
             680        -20.0953        -277.972
             681        -19.8254        -264.312
             682        -19.4627        -250.811
             683        -19.1933        -237.583
             684        -18.7623        -224.517
             685        -18.4845        -211.768
             686        -17.9938        -199.186
             687        -17.6993        -186.961
             688        -17.1569        -174.915
             689        -16.8385        -163.261
             690        -16.2510        -151.801
             691        -15.9024        -140.762
             692        -15.2757        -129.939
             693        -14.8915        -119.561
             694        -14.2305        -109.425
             695        -13.8064        -99.7543
             696        -13.1152        -90.3556
             697        -12.6473        -81.4389
             698        -11.9292        -72.8267
             699        -11.4145        -64.7109
             700        -10.6723        -56.9341
             701        -10.1086        -49.6670
             702        -9.34419        -42.7738
             703        -8.72974        -36.4036
             704        -7.94415        -30.4417
             705        -7.27805        -25.0167
             706        -6.47071        -20.0332
             707        -5.75164        -15.6013
             708        -4.91890        -11.6424
             709        -4.14302        -8.24962
             710        -3.27821        -5.36199
             711        -2.44883        -3.06052
             712        -1.57991        -1.32848
             713    -768.679E-03    -279.433E-03
             714    -399.535E-39     32.4045E-39
             715        -29.6686        -514.079
             716        -30.0759        -499.160
             717        -29.7036        -484.068
             718        -30.0181        -468.957
             719        -29.6082        -453.744
             720        -29.7992        -438.613
             721        -29.3756        -423.439
             722        -29.4580        -408.413
             723        -29.0452        -393.382
             724        -29.0260        -378.533
             725        -28.6294        -363.712
             726        -28.5083        -349.091
             727        -28.1239        -334.534
             728        -27.9017        -320.185
             729        -27.5230        -305.941
             730        -27.2038        -291.909
             731        -26.8236        -278.026
             732        -26.4137        -264.357
             733        -26.0244        -250.882
             734        -25.5311        -237.624
             735        -25.1250        -224.604
             736        -24.5560        -211.806
             737        -24.1256        -199.287
             738        -23.4883        -186.999
             739        -23.0264        -175.029
             740        -22.3275        -163.300
             741        -21.8278        -151.924
             742        -21.0735        -140.806
             743        -20.5301        -130.069
             744        -19.7258        -119.611
             745        -19.1338        -109.560
             746        -18.2841        -99.8130
             747        -17.6392        -90.4943
             748        -16.7482        -81.5073
             749        -16.0465        -72.9677
             750        -15.1177        -64.7900
             751        -14.3560        -57.0769
             752        -13.3924        -49.7571
             753        -12.5681        -42.9183
             754        -11.5717        -36.5044
             755        -10.6833        -30.5885
             756        -9.65459        -25.1278
             757        -8.70116        -20.1838
             758        -7.63783        -15.7228
             759        -6.61767        -11.7987
             760        -5.51228        -8.38278
             761        -4.42064        -5.52336
             762        -3.26795        -3.19400
             763        -2.13596        -1.45260
             764        -1.02451    -340.260E-03
             765    -540.394E-39     9.30088E-39
             766        -37.4830        -514.078
             767        -37.1404        -499.087
             768        -37.4712        -484.080
             769        -37.1017        -468.905
             770        -37.3159        -453.799
             771        -36.9041        -438.585
             772        -36.9975        -423.519
             773        -36.5644        -408.396
             774        -36.5452        -393.470
             775        -36.1032        -378.524
             776        -35.9738        -363.803
             777        -35.5246        -349.093
             778        -35.2855        -334.625
             779        -34.8265        -320.202
             780        -34.4801        -306.030
             781        -34.0065        -291.943
             782        -33.5573        -278.113
             783        -33.0634        -264.409
             784        -32.5172        -250.966
             785        -31.9968        -237.694
             786        -31.3601        -224.687
             787        -30.8066        -211.893
             788        -30.0860        -199.371
             789        -29.4927        -187.101
             790        -28.6947        -175.114
             791        -28.0555        -163.416
             792        -27.1862        -152.013
             793        -26.4950        -140.933
             794        -25.5600        -130.164
             795        -24.8117        -119.748
             796        -23.8160        -109.663
             797        -23.0057        -99.9571
             798        -21.9540        -90.6069
             799        -21.0773        -81.6575
             800        -19.9737        -73.0909
             801        -19.0267        -64.9454
             802        -17.8750        -57.2115
             803        -16.8540        -49.9170
             804        -15.6574        -43.0645
             805        -14.5598        -36.6692
             806        -13.3206        -30.7459
             807        -12.1443        -25.2989
             808        -10.8625        -20.3512
             809        -9.60682        -15.9029
             810        -8.27730        -11.9759
             811        -6.94133        -8.57478
             812        -5.55118        -5.71041
             813        -4.13169        -3.38832
             814        -2.69260        -1.60642
             815        -1.29546    -433.458E-03
             816    -677.422E-39    -942.096E-42
             817        -44.5859        -514.012
             818        -44.9178        -499.115
             819        -44.5860        -484.004
             820        -44.8318        -468.963
             821        -44.4497        -453.747
             822        -44.5699        -438.674
             823        -44.1398        -423.484
             824        -44.1340        -408.501
             825        -43.6682        -393.446
             826        -43.5402        -378.637
             827        -43.0456        -363.791
             828        -42.7975        -349.211
             829        -42.2757        -334.627
             830        -41.9098        -320.322
             831        -41.3592        -306.049
             832        -40.8789        -292.065
             833        -40.2959        -278.150
             834        -39.7059        -264.531
             835        -39.0856        -251.023
             836        -38.3912        -237.817
             837        -37.7281        -224.762
             838        -36.9352        -212.017
             839        -36.2233        -199.464
             840        -35.3378        -187.228
             841        -34.5712        -175.224
             842        -33.5989        -163.547
             843        -32.7719        -152.138
             844        -31.7184        -141.069
             845        -30.8255        -130.302
             846        -29.6961        -119.892
             847        -28.7324        -109.813
             848        -27.5319        -100.110
             849        -26.4925        -90.7661
             850        -25.2256        -81.8215
             851        -24.1061        -73.2585
             852        -22.7771        -65.1214
             853        -21.5732        -57.3863
             854        -20.1863        -50.1061
             855        -18.8940        -43.2459
             856        -17.4530        -36.8716
             857        -16.0687        -30.9343
             858        -14.5766        -25.5137
             859        -13.0976        -20.5491
             860        -11.5545        -16.1279
             861        -9.98013        -12.1885
             862        -8.37742        -8.80740
             863        -6.71122        -5.94139
             864        -5.02383        -3.62525
             865        -3.27264        -1.81578
             866        -1.57803    -554.162E-03
             867    -817.008E-39    -32.2372E-39
             868        -52.3762        -514.079
             869        -52.0613        -499.023
             870        -52.3389        -484.071
             871        -51.9935        -468.886
             872        -52.1546        -453.843
             873        -51.7471        -438.617
             874        -51.7718        -423.602
             875        -51.3031        -408.459
             876        -51.1902        -393.578
             877        -50.6689        -378.609
             878        -50.4225        -363.931
             879        -49.8547        -349.198
             880        -49.4786        -334.773
             881        -48.8666        -320.326
             882        -48.3645        -306.200
             883        -47.7071        -292.088
             884        -47.0828        -278.304
             885        -46.3768        -264.574
             886        -45.6349        -251.180
             887        -44.8757        -237.880
             888        -44.0212        -224.923
             889        -43.2036        -212.101
             890        -42.2418        -199.628
             891        -41.3605        -187.332
             892        -40.2969        -175.392
             893        -39.3462        -163.669
             894        -38.1863        -152.312
             895        -37.1608        -141.208
             896        -35.9099        -130.483
             897        -34.8045        -120.046
             898        -33.4675        -110.003
             899        -32.2774        -100.279
             900        -30.8590        -90.9667
             901        -29.5795        -82.0019
             902        -28.0844        -73.4715
             903        -26.7109        -65.3120
             904        -25.1437        -57.6134
             905        -23.6716        -50.3053
             906        -22.0370        -43.4886
             907        -20.4615        -37.0782
             908        -18.7644        -31.1934
             909        -17.0805        -25.7278
             910        -15.3256        -20.8238
             911        -13.5287        -16.3527
             912        -11.7188        -12.4750
             913        -9.80720        -9.05224
             914        -7.93282        -6.22906
             915        -5.91820        -3.90042
             916        -3.91749        -2.08695
             917        -1.86428    -720.480E-03
             918    -977.476E-39    -64.3026E-39
             919        -59.5390        -513.986
             920        -59.8367        -499.110
             921        -59.5231        -483.970
             922        -59.7344        -468.993
             923        -59.3633        -453.760
             924        -59.4369        -438.747
             925        -58.9853        -423.537
             926        -58.9050        -408.608
             927        -58.3755        -393.530
             928        -58.1445        -378.770
             929        -57.5471        -363.900
             930        -57.1721        -349.369
             931        -56.5135        -334.760
             932        -55.9997        -320.506
             933        -55.2821        -306.207
             934        -54.6337        -292.273
             935        -53.8556        -278.333
             936        -53.0767        -264.765
             937        -52.2346        -251.232
             938        -51.3295        -238.075
             939        -50.4191        -224.997
             940        -49.3925        -212.300
             941        -48.4087        -199.725
             942        -47.2658        -187.535
             943        -46.2033        -175.511
             944        -44.9492        -163.878
             945        -43.8028        -152.452
             946        -42.4427        -141.424
             947        -41.2074        -130.643
             948        -39.7462        -120.270
             949        -38.4171        -110.181
             950        -36.8596        -100.512
             951        -35.4320        -91.1608
             952        -33.7828        -82.2471
             953        -32.2521        -73.6798
             954        -30.5159        -65.5713
             955        -28.8773        -57.8335
             956        -27.0589        -50.5810
             957        -25.3075        -43.7180
             958        -23.4123        -37.3730
             959        -21.5422        -31.4295
             960        -19.5767        -26.0441
             961        -17.5811        -21.0650
             962        -15.5536        -16.6916
             963        -13.4248        -12.7228
             964        -11.3462        -9.40955
             965        -9.07734        -6.49590
             966        -6.95069        -4.25039
             967        -4.54613        -2.41411
             968        -2.22631    -956.306E-03
             969    -1.11361E-36    -117.270E-39
             970        -67.3335        -514.109
             971        -67.0315        -498.985
             972        -67.2937        -484.094
             973        -66.9662        -468.880
             974        -67.1069        -453.905
             975        -66.6916        -438.653
             976        -66.6645        -423.703
             977        -66.1458        -408.533
             978        -65.9471        -393.714
             979        -65.3360        -378.715
             980        -64.9754        -364.097
             981        -64.2843        -349.334
             982        -63.7706        -334.968
             983        -63.0058        -320.492
             984        -62.3446        -306.424
             985        -61.5071        -292.283
             986        -60.7025        -278.556
             987        -59.7901        -264.799
             988        -58.8459        -251.460
             989        -57.8549        -238.136
             990        -56.7754        -225.230
             991        -55.7010        -212.387
             992        -54.4910        -199.962
             993        -53.3284        -187.648
             994        -51.9926        -175.753
             995        -50.7368        -164.016
             996        -49.2803        -152.700
             997        -47.9263        -141.587
             998        -46.3538        -130.897
             999        -44.8968        -120.456
            1000        -43.2131        -110.443
            1001        -41.6485        -100.720
            1002        -39.8581        -91.4338
            1003        -38.1814        -82.4742
            1004        -36.2889        -73.9654
            1005        -34.4955        -65.8151
            1006        -32.5055        -58.1345
            1007        -30.5905        -50.8386
            1008        -28.5081        -44.0378
            1009        -26.4662        -37.6405
            1010        -24.2974        -31.7723
            1011        -22.1220        -26.3168
            1012        -19.8748        -21.4361
            1013        -17.5579        -16.9636
            1014        -15.2460        -13.1285
            1015        -12.7776        -9.67398
            1016        -10.4285        -6.94064
            1017        -7.79245        -4.50700
            1018        -5.45422        -2.87515
            1019        -2.56414        -1.28982
            1020    -1.42428E-36    -227.775E-39
            1021        -74.5205        -513.961
            1022        -74.8183        -499.133
            1023        -74.5308        -483.947
            1024        -74.7551        -469.042
            1025        -74.3961        -453.775
            1026        -74.4459        -438.839
            1027        -73.9595        -423.595
            1028        -73.8126        -408.742
            1029        -73.2050        -393.626
            1030        -72.8739        -378.943
            1031        -72.1641        -364.032
            1032        -71.6632        -349.576
            1033        -70.8636        -334.927
            1034        -70.2017        -320.745
            1035        -69.3166        -306.408
            1036        -68.4985        -292.543
            1037        -67.5271        -278.568
            1038        -66.5565        -265.065
            1039        -65.4959        -251.501
            1040        -64.3764        -238.405
            1041        -63.2226        -225.301
            1042        -61.9584        -212.660
            1043        -60.7067        -200.065
            1044        -59.3024        -187.925
            1045        -57.9479        -175.887
            1046        -56.4083        -164.296
            1047        -54.9463        -152.863
            1048        -53.2759        -141.871
            1049        -51.7016        -131.090
            1050        -49.9053        -120.746
            1051        -48.2141        -110.664
            1052        -46.2962        -101.018
            1053        -44.4839        -91.6800
            1054        -42.4488        -82.7819
            1055        -40.5108        -74.2346
            1056        -38.3630        -66.1354
            1057        -36.2948        -58.4239
            1058        -34.0390        -51.1747
            1059        -31.8357        -44.3438
            1060        -29.4770        -37.9964
            1061        -27.1329        -32.0902
            1062        -24.6778        -26.6980
            1063        -22.1862        -21.7593
            1064        -19.6445        -17.3780
            1065        -16.9978        -13.4460
            1066        -14.3904        -10.1344
            1067        -11.5828        -7.23119
            1068        -8.96320        -5.03858
            1069        -5.98461        -3.08927
            1070        -3.49819        -1.96969
            1071    -910.773E-39    -193.186E-39


            最小        -74.8183        -526.982
          在结点            1022               1

            最大         82.2550     50.8330E-39
          在结点               1             510

              总         7.61711    -210.061E+03


